Using pre-set license
Built from '2020.2/release' branch; Version is '2020.2.2f1 (068178b99f32) revision 426360'; Using compiler version '192528614'; Build Type 'Release'
OS: 'Windows 10 Home; OS build 19043.1348; Version 2009; 64bit' Language: 'en' Physical Memory: 32634 MB
BatchMode: 1, IsHumanControllingUs: 0, StartBugReporterOnCrash: 0, Is64bit: 1, IsPro: 0

 COMMAND LINE ARGUMENTS:
C:\Program Files\Unity\Hub\Editor\2020.2.2f1\Editor\Unity.exe
-adb2
-batchMode
-noUpm
-name
AssetImportWorker0
-projectPath
C:/Users/darra/Documents/GitHub/meddyglyn
-logFile
Logs/AssetImportWorker0.log
-srvPort
50328
Successfully changed project path to: C:/Users/darra/Documents/GitHub/meddyglyn
C:/Users/darra/Documents/GitHub/meddyglyn
Using Asset Import Pipeline V2.
Refreshing native plugins compatible for Editor in 42.95 ms, found 0 plugins.
Preloading 0 native plugins for Editor in 0.00 ms.
Initialize engine version: 2020.2.2f1 (068178b99f32)
[Subsystems] Discovering subsystems at path C:/Program Files/Unity/Hub/Editor/2020.2.2f1/Editor/Data/Resources/UnitySubsystems
[Subsystems] Discovering subsystems at path C:/Users/darra/Documents/GitHub/meddyglyn/Assets
GfxDevice: creating device client; threaded=0
Direct3D:
    Version:  Direct3D 11.0 [level 11.1]
    Renderer: NVIDIA GeForce RTX 2070 (ID=0x1f14)
    Vendor:   
    VRAM:     8031 MB
    Driver:   27.21.14.6109
Initialize mono
Mono path[0] = 'C:/Program Files/Unity/Hub/Editor/2020.2.2f1/Editor/Data/Managed'
Mono path[1] = 'C:/Program Files/Unity/Hub/Editor/2020.2.2f1/Editor/Data/MonoBleedingEdge/lib/mono/unityjit'
Mono config path = 'C:/Program Files/Unity/Hub/Editor/2020.2.2f1/Editor/Data/MonoBleedingEdge/etc'
Using monoOptions --debugger-agent=transport=dt_socket,embedding=1,server=y,suspend=n,address=127.0.0.1:56176
Begin MonoManager ReloadAssembly
Registering precompiled unity dll's ...
Register platform support module: C:/Program Files/Unity/Hub/Editor/2020.2.2f1/Editor/Data/PlaybackEngines/WebGLSupport/UnityEditor.WebGL.Extensions.dll
Register platform support module: C:/Program Files/Unity/Hub/Editor/2020.2.2f1/Editor/Data/PlaybackEngines/WindowsStandaloneSupport/UnityEditor.WindowsStandalone.Extensions.dll
Registered in 0.001794 seconds.
Native extension for WindowsStandalone target not found
Native extension for WebGL target not found
Refreshing native plugins compatible for Editor in 42.10 ms, found 0 plugins.
Preloading 0 native plugins for Editor in 0.00 ms.
Invoked RoslynAnalysisRunner static constructor.
RoslynAnalysisRunner will not be running.
RoslynAnalysisRunner has terminated.
Mono: successfully reloaded assembly
- Completed reload, in  1.450 seconds
Platform modules already initialized, skipping
Registering precompiled user dll's ...
Registered in 0.000765 seconds.
Begin MonoManager ReloadAssembly
Native extension for WindowsStandalone target not found
Native extension for WebGL target not found
Refreshing native plugins compatible for Editor in 45.93 ms, found 0 plugins.
Preloading 0 native plugins for Editor in 0.00 ms.
Invoked RoslynAnalysisRunner static constructor.
RoslynAnalysisRunner will not be running.
RoslynAnalysisRunner has terminated.
Mono: successfully reloaded assembly
- Completed reload, in  0.866 seconds
Platform modules already initialized, skipping
========================================================================
Worker process is ready to serve import requests
Launched and connected shader compiler UnityShaderCompiler.exe after 0.03 seconds
Refreshing native plugins compatible for Editor in 0.49 ms, found 0 plugins.
Preloading 0 native plugins for Editor in 0.00 ms.
Unloading 2149 Unused Serialized files (Serialized files now loaded: 0)
System memory in use before: 118.2 MB.
System memory in use after: 118.2 MB.

Unloading 112 unused Assets to reduce memory usage. Loaded Objects now: 2602.
Total: 2.383700 ms (FindLiveObjects: 0.210900 ms CreateObjectMapping: 0.090400 ms MarkObjects: 1.698900 ms  DeleteObjects: 0.382800 ms)

========================================================================
Received Import Request.
  path: Assets/Scripts/GameScripts/PlayerControls.cs
  artifactKey: Guid(06199c888a4e9d94f8f33d88376613c0) Importer(815301076,1909f56bfc062723c751e8b465ee728b)
Start importing Assets/Scripts/GameScripts/PlayerControls.cs using Guid(06199c888a4e9d94f8f33d88376613c0) Importer(815301076,1909f56bfc062723c751e8b465ee728b)  -> (artifact id: 'a7cd3b0c0752ef0d88edfa61fd623d26') in 0.025509 seconds
  Import took 0.028383 seconds .

========================================================================
Received Import Request.
  Time since last request: 11.894758 seconds.
  path: Assets/Scripts/Player/ResetPosition.cs
  artifactKey: Guid(83e60c930ee7f6c469da99c640cda480) Importer(815301076,1909f56bfc062723c751e8b465ee728b)
Start importing Assets/Scripts/Player/ResetPosition.cs using Guid(83e60c930ee7f6c469da99c640cda480) Importer(815301076,1909f56bfc062723c751e8b465ee728b)  -> (artifact id: '92549d6489b1f9c52429d19584b68401') in 0.010751 seconds
  Import took 0.016061 seconds .

========================================================================
Received Import Request.
  Time since last request: 0.000340 seconds.
  path: Assets/Scripts/Player/ResetPosition.cs
  artifactKey: Guid(83e60c930ee7f6c469da99c640cda480) Importer(815301076,1909f56bfc062723c751e8b465ee728b)
Start importing Assets/Scripts/Player/ResetPosition.cs using Guid(83e60c930ee7f6c469da99c640cda480) Importer(815301076,1909f56bfc062723c751e8b465ee728b)  -> (artifact id: '92549d6489b1f9c52429d19584b68401') in 0.002554 seconds
  Import took 0.007300 seconds .

========================================================================
Received Import Request.
  Time since last request: 0.324285 seconds.
  path: Assets/Scripts/Player/PlayerMovement.cs
  artifactKey: Guid(9467fd7a985cec34a95f699583c12ff1) Importer(815301076,1909f56bfc062723c751e8b465ee728b)
Start importing Assets/Scripts/Player/PlayerMovement.cs using Guid(9467fd7a985cec34a95f699583c12ff1) Importer(815301076,1909f56bfc062723c751e8b465ee728b)  -> (artifact id: 'd63daca4903f53d3a86fa142682f96e3') in 0.006019 seconds
  Import took 0.009268 seconds .

========================================================================
Received Import Request.
  Time since last request: 0.001536 seconds.
  path: Assets/Scripts/Player/PlayerMovement.cs
  artifactKey: Guid(9467fd7a985cec34a95f699583c12ff1) Importer(815301076,1909f56bfc062723c751e8b465ee728b)
Start importing Assets/Scripts/Player/PlayerMovement.cs using Guid(9467fd7a985cec34a95f699583c12ff1) Importer(815301076,1909f56bfc062723c751e8b465ee728b)  -> (artifact id: 'd63daca4903f53d3a86fa142682f96e3') in 0.001770 seconds
  Import took 0.005067 seconds .

========================================================================
Received Prepare
Registering precompiled user dll's ...
Registered in 0.000925 seconds.
Begin MonoManager ReloadAssembly
Native extension for WindowsStandalone target not found
Native extension for WebGL target not found
Refreshing native plugins compatible for Editor in 0.47 ms, found 0 plugins.
Preloading 0 native plugins for Editor in 0.00 ms.
Warning: Annotation not found!
UnityEngine.StackTraceUtility:ExtractStackTrace ()
UnityEditor.ProBuilder.EditorUtility:SetGizmoIconEnabled (System.Type,bool) (at Library/PackageCache/com.unity.probuilder@4.4.0/Editor/EditorCore/EditorUtility.cs:593)
UnityEditor.ProBuilder.HierarchyListener:.cctor () (at Library/PackageCache/com.unity.probuilder@4.4.0/Editor/EditorCore/HierarchyListener.cs:21)
System.Runtime.CompilerServices.RuntimeHelpers:RunClassConstructor (System.RuntimeTypeHandle)
UnityEditor.EditorAssemblies:ProcessInitializeOnLoadAttributes (System.Type[])

[Library/PackageCache/com.unity.probuilder@4.4.0/Editor/EditorCore/EditorUtility.cs line 593]

Invoked RoslynAnalysisRunner static constructor.
RoslynAnalysisRunner will not be running.
RoslynAnalysisRunner has terminated.
Mono: successfully reloaded assembly
- Completed reload, in  0.723 seconds
Platform modules already initialized, skipping
Refreshing native plugins compatible for Editor in 0.49 ms, found 0 plugins.
Preloading 0 native plugins for Editor in 0.00 ms.
Unloading 2063 Unused Serialized files (Serialized files now loaded: 0)
System memory in use before: 113.6 MB.
System memory in use after: 113.7 MB.

Unloading 6 unused Assets to reduce memory usage. Loaded Objects now: 2604.
Total: 2.351400 ms (FindLiveObjects: 0.271500 ms CreateObjectMapping: 0.075000 ms MarkObjects: 1.720300 ms  DeleteObjects: 0.284000 ms)

========================================================================
Received Prepare
Registering precompiled user dll's ...
Registered in 0.000939 seconds.
Begin MonoManager ReloadAssembly
Native extension for WindowsStandalone target not found
Native extension for WebGL target not found
Refreshing native plugins compatible for Editor in 0.47 ms, found 0 plugins.
Preloading 0 native plugins for Editor in 0.00 ms.
Warning: Annotation not found!
UnityEngine.StackTraceUtility:ExtractStackTrace ()
UnityEditor.ProBuilder.EditorUtility:SetGizmoIconEnabled (System.Type,bool) (at Library/PackageCache/com.unity.probuilder@4.4.0/Editor/EditorCore/EditorUtility.cs:593)
UnityEditor.ProBuilder.HierarchyListener:.cctor () (at Library/PackageCache/com.unity.probuilder@4.4.0/Editor/EditorCore/HierarchyListener.cs:21)
System.Runtime.CompilerServices.RuntimeHelpers:RunClassConstructor (System.RuntimeTypeHandle)
UnityEditor.EditorAssemblies:ProcessInitializeOnLoadAttributes (System.Type[])

[Library/PackageCache/com.unity.probuilder@4.4.0/Editor/EditorCore/EditorUtility.cs line 593]

Invoked RoslynAnalysisRunner static constructor.
RoslynAnalysisRunner will not be running.
RoslynAnalysisRunner has terminated.
Mono: successfully reloaded assembly
- Completed reload, in  0.743 seconds
Platform modules already initialized, skipping
Refreshing native plugins compatible for Editor in 0.48 ms, found 0 plugins.
Preloading 0 native plugins for Editor in 0.00 ms.
Unloading 2063 Unused Serialized files (Serialized files now loaded: 0)
System memory in use before: 113.7 MB.
System memory in use after: 113.7 MB.

Unloading 6 unused Assets to reduce memory usage. Loaded Objects now: 2606.
Total: 2.251700 ms (FindLiveObjects: 0.229800 ms CreateObjectMapping: 0.064700 ms MarkObjects: 1.588100 ms  DeleteObjects: 0.368300 ms)

========================================================================
Received Import Request.
  Time since last request: 11227.382508 seconds.
  path: Assets/Scripts/Movement & Interaction/SelectionManager.cs
  artifactKey: Guid(534e6bc968a1f364d8812080a068fd07) Importer(815301076,1909f56bfc062723c751e8b465ee728b)
Start importing Assets/Scripts/Movement & Interaction/SelectionManager.cs using Guid(534e6bc968a1f364d8812080a068fd07) Importer(815301076,1909f56bfc062723c751e8b465ee728b)  -> (artifact id: '92c1159674bd4cf639e1386a45f87428') in 0.007673 seconds
  Import took 0.010760 seconds .

========================================================================
Received Prepare
Registering precompiled user dll's ...
Registered in 0.001021 seconds.
Begin MonoManager ReloadAssembly
Native extension for WindowsStandalone target not found
Native extension for WebGL target not found
Refreshing native plugins compatible for Editor in 0.66 ms, found 0 plugins.
Preloading 0 native plugins for Editor in 0.00 ms.
Warning: Annotation not found!
UnityEngine.StackTraceUtility:ExtractStackTrace ()
UnityEditor.ProBuilder.EditorUtility:SetGizmoIconEnabled (System.Type,bool) (at Library/PackageCache/com.unity.probuilder@4.4.0/Editor/EditorCore/EditorUtility.cs:593)
UnityEditor.ProBuilder.HierarchyListener:.cctor () (at Library/PackageCache/com.unity.probuilder@4.4.0/Editor/EditorCore/HierarchyListener.cs:21)
System.Runtime.CompilerServices.RuntimeHelpers:RunClassConstructor (System.RuntimeTypeHandle)
UnityEditor.EditorAssemblies:ProcessInitializeOnLoadAttributes (System.Type[])

[Library/PackageCache/com.unity.probuilder@4.4.0/Editor/EditorCore/EditorUtility.cs line 593]

Invoked RoslynAnalysisRunner static constructor.
RoslynAnalysisRunner will not be running.
RoslynAnalysisRunner has terminated.
Mono: successfully reloaded assembly
- Completed reload, in  0.906 seconds
Platform modules already initialized, skipping
Refreshing native plugins compatible for Editor in 0.55 ms, found 0 plugins.
Preloading 0 native plugins for Editor in 0.00 ms.
Unloading 2063 Unused Serialized files (Serialized files now loaded: 0)
System memory in use before: 113.7 MB.
System memory in use after: 113.7 MB.

Unloading 6 unused Assets to reduce memory usage. Loaded Objects now: 2608.
Total: 2.995500 ms (FindLiveObjects: 0.283200 ms CreateObjectMapping: 0.095800 ms MarkObjects: 2.259300 ms  DeleteObjects: 0.356100 ms)

========================================================================
Received Import Request.
  Time since last request: 343.881836 seconds.
  path: Assets/Scripts/GameScripts/GameManager.cs
  artifactKey: Guid(cae81fb627a70d64b8f6bcc954c5c7eb) Importer(815301076,1909f56bfc062723c751e8b465ee728b)
Start importing Assets/Scripts/GameScripts/GameManager.cs using Guid(cae81fb627a70d64b8f6bcc954c5c7eb) Importer(815301076,1909f56bfc062723c751e8b465ee728b)  -> (artifact id: '82878054328e0a8fc71bdeda6df75afb') in 0.009793 seconds
  Import took 0.013470 seconds .

========================================================================
Received Import Request.
  Time since last request: 0.000616 seconds.
  path: Assets/Scripts/GameScripts/GameManager.cs
  artifactKey: Guid(cae81fb627a70d64b8f6bcc954c5c7eb) Importer(815301076,1909f56bfc062723c751e8b465ee728b)
Start importing Assets/Scripts/GameScripts/GameManager.cs using Guid(cae81fb627a70d64b8f6bcc954c5c7eb) Importer(815301076,1909f56bfc062723c751e8b465ee728b)  -> (artifact id: '82878054328e0a8fc71bdeda6df75afb') in 0.002707 seconds
  Import took 0.005511 seconds .

========================================================================
Received Prepare
Registering precompiled user dll's ...
Registered in 0.001303 seconds.
Begin MonoManager ReloadAssembly
Native extension for WindowsStandalone target not found
Native extension for WebGL target not found
Refreshing native plugins compatible for Editor in 0.62 ms, found 0 plugins.
Preloading 0 native plugins for Editor in 0.00 ms.
Warning: Annotation not found!
UnityEngine.StackTraceUtility:ExtractStackTrace ()
UnityEditor.ProBuilder.EditorUtility:SetGizmoIconEnabled (System.Type,bool) (at Library/PackageCache/com.unity.probuilder@4.4.0/Editor/EditorCore/EditorUtility.cs:593)
UnityEditor.ProBuilder.HierarchyListener:.cctor () (at Library/PackageCache/com.unity.probuilder@4.4.0/Editor/EditorCore/HierarchyListener.cs:21)
System.Runtime.CompilerServices.RuntimeHelpers:RunClassConstructor (System.RuntimeTypeHandle)
UnityEditor.EditorAssemblies:ProcessInitializeOnLoadAttributes (System.Type[])

[Library/PackageCache/com.unity.probuilder@4.4.0/Editor/EditorCore/EditorUtility.cs line 593]

Invoked RoslynAnalysisRunner static constructor.
RoslynAnalysisRunner will not be running.
RoslynAnalysisRunner has terminated.
Mono: successfully reloaded assembly
- Completed reload, in  0.970 seconds
Platform modules already initialized, skipping
Refreshing native plugins compatible for Editor in 0.69 ms, found 0 plugins.
Preloading 0 native plugins for Editor in 0.00 ms.
Unloading 2063 Unused Serialized files (Serialized files now loaded: 0)
System memory in use before: 113.7 MB.
System memory in use after: 113.8 MB.

Unloading 6 unused Assets to reduce memory usage. Loaded Objects now: 2610.
Total: 2.992200 ms (FindLiveObjects: 0.242000 ms CreateObjectMapping: 0.114900 ms MarkObjects: 2.287800 ms  DeleteObjects: 0.346400 ms)

========================================================================
Received Prepare
Registering precompiled user dll's ...
Registered in 0.001523 seconds.
Begin MonoManager ReloadAssembly
Native extension for WindowsStandalone target not found
Native extension for WebGL target not found
Refreshing native plugins compatible for Editor in 0.95 ms, found 0 plugins.
Preloading 0 native plugins for Editor in 0.00 ms.
Warning: Annotation not found!
UnityEngine.StackTraceUtility:ExtractStackTrace ()
UnityEditor.ProBuilder.EditorUtility:SetGizmoIconEnabled (System.Type,bool) (at Library/PackageCache/com.unity.probuilder@4.4.0/Editor/EditorCore/EditorUtility.cs:593)
UnityEditor.ProBuilder.HierarchyListener:.cctor () (at Library/PackageCache/com.unity.probuilder@4.4.0/Editor/EditorCore/HierarchyListener.cs:21)
System.Runtime.CompilerServices.RuntimeHelpers:RunClassConstructor (System.RuntimeTypeHandle)
UnityEditor.EditorAssemblies:ProcessInitializeOnLoadAttributes (System.Type[])

[Library/PackageCache/com.unity.probuilder@4.4.0/Editor/EditorCore/EditorUtility.cs line 593]

Invoked RoslynAnalysisRunner static constructor.
RoslynAnalysisRunner will not be running.
RoslynAnalysisRunner has terminated.
Mono: successfully reloaded assembly
- Completed reload, in  1.390 seconds
Platform modules already initialized, skipping
Refreshing native plugins compatible for Editor in 0.85 ms, found 0 plugins.
Preloading 0 native plugins for Editor in 0.00 ms.
Unloading 2063 Unused Serialized files (Serialized files now loaded: 0)
System memory in use before: 113.6 MB.
System memory in use after: 113.7 MB.

Unloading 6 unused Assets to reduce memory usage. Loaded Objects now: 2612.
Total: 4.519100 ms (FindLiveObjects: 0.413700 ms CreateObjectMapping: 0.233000 ms MarkObjects: 3.323600 ms  DeleteObjects: 0.546900 ms)

========================================================================
Received Import Request.
  Time since last request: 5432.528398 seconds.
  path: Assets/Scripts/Brewing/EmptyVessel.cs
  artifactKey: Guid(98c9b5273645d274f826bfbb2de97750) Importer(815301076,1909f56bfc062723c751e8b465ee728b)
Start importing Assets/Scripts/Brewing/EmptyVessel.cs using Guid(98c9b5273645d274f826bfbb2de97750) Importer(815301076,1909f56bfc062723c751e8b465ee728b)  -> (artifact id: '21eb27a9b362abbb3f8b63557b7636d8') in 0.010127 seconds
  Import took 0.013857 seconds .

========================================================================
Received Import Request.
  Time since last request: 0.391170 seconds.
  path: Assets/Scripts/Brewing/FermentationSounds.cs
  artifactKey: Guid(9af180edeb8673144b4fa38f5415eab4) Importer(815301076,1909f56bfc062723c751e8b465ee728b)
Start importing Assets/Scripts/Brewing/FermentationSounds.cs using Guid(9af180edeb8673144b4fa38f5415eab4) Importer(815301076,1909f56bfc062723c751e8b465ee728b)  -> (artifact id: '3db40b8f6ca5e7addf824e72c9164001') in 0.006123 seconds
  Import took 0.009458 seconds .

========================================================================
Received Import Request.
  Time since last request: 0.000456 seconds.
  path: Assets/Scripts/Brewing/FermentationSounds.cs
  artifactKey: Guid(9af180edeb8673144b4fa38f5415eab4) Importer(815301076,1909f56bfc062723c751e8b465ee728b)
Start importing Assets/Scripts/Brewing/FermentationSounds.cs using Guid(9af180edeb8673144b4fa38f5415eab4) Importer(815301076,1909f56bfc062723c751e8b465ee728b)  -> (artifact id: '3db40b8f6ca5e7addf824e72c9164001') in 0.002976 seconds
  Import took 0.006326 seconds .

========================================================================
Received Import Request.
  Time since last request: 7.614679 seconds.
  path: Assets/Scripts/Brewing/WaterBehaviour.cs
  artifactKey: Guid(4fb54730263f8b7428aa1d540267785b) Importer(815301076,1909f56bfc062723c751e8b465ee728b)
Start importing Assets/Scripts/Brewing/WaterBehaviour.cs using Guid(4fb54730263f8b7428aa1d540267785b) Importer(815301076,1909f56bfc062723c751e8b465ee728b)  -> (artifact id: '4a0894eacc863c96dde1aa179acb1db9') in 0.006591 seconds
  Import took 0.010167 seconds .

========================================================================
Received Import Request.
  Time since last request: 20.883160 seconds.
  path: Assets/Scripts/Brewing/BottleScript.cs
  artifactKey: Guid(c9f12d277e972604ea45329a810c56db) Importer(815301076,1909f56bfc062723c751e8b465ee728b)
Start importing Assets/Scripts/Brewing/BottleScript.cs using Guid(c9f12d277e972604ea45329a810c56db) Importer(815301076,1909f56bfc062723c751e8b465ee728b)  -> (artifact id: 'cfaef76ac21a0bc87661fec1e1c1946f') in 0.007499 seconds
  Import took 0.010826 seconds .

========================================================================
Received Prepare
Registering precompiled user dll's ...
Registered in 0.001081 seconds.
Begin MonoManager ReloadAssembly
Native extension for WindowsStandalone target not found
Native extension for WebGL target not found
Refreshing native plugins compatible for Editor in 0.57 ms, found 0 plugins.
Preloading 0 native plugins for Editor in 0.00 ms.
Warning: Annotation not found!
UnityEngine.StackTraceUtility:ExtractStackTrace ()
UnityEditor.ProBuilder.EditorUtility:SetGizmoIconEnabled (System.Type,bool) (at Library/PackageCache/com.unity.probuilder@4.4.0/Editor/EditorCore/EditorUtility.cs:593)
UnityEditor.ProBuilder.HierarchyListener:.cctor () (at Library/PackageCache/com.unity.probuilder@4.4.0/Editor/EditorCore/HierarchyListener.cs:21)
System.Runtime.CompilerServices.RuntimeHelpers:RunClassConstructor (System.RuntimeTypeHandle)
UnityEditor.EditorAssemblies:ProcessInitializeOnLoadAttributes (System.Type[])

[Library/PackageCache/com.unity.probuilder@4.4.0/Editor/EditorCore/EditorUtility.cs line 593]

Invoked RoslynAnalysisRunner static constructor.
RoslynAnalysisRunner will not be running.
RoslynAnalysisRunner has terminated.
Mono: successfully reloaded assembly
- Completed reload, in  0.999 seconds
Platform modules already initialized, skipping
Refreshing native plugins compatible for Editor in 0.72 ms, found 0 plugins.
Preloading 0 native plugins for Editor in 0.00 ms.
Unloading 2063 Unused Serialized files (Serialized files now loaded: 0)
System memory in use before: 113.7 MB.
System memory in use after: 113.8 MB.

Unloading 6 unused Assets to reduce memory usage. Loaded Objects now: 2614.
Total: 3.299500 ms (FindLiveObjects: 0.390300 ms CreateObjectMapping: 0.122000 ms MarkObjects: 2.403800 ms  DeleteObjects: 0.381600 ms)

========================================================================
Received Import Request.
  Time since last request: 77851.895227 seconds.
  path: Assets/Scripts/Contracts/RequirementCheck.cs
  artifactKey: Guid(1aee2f2a98242a74ca1de2fe0ba6fd5d) Importer(815301076,1909f56bfc062723c751e8b465ee728b)
Start importing Assets/Scripts/Contracts/RequirementCheck.cs using Guid(1aee2f2a98242a74ca1de2fe0ba6fd5d) Importer(815301076,1909f56bfc062723c751e8b465ee728b)  -> (artifact id: 'c4d9705ab582f6b9ac1f10311c873faa') in 0.011709 seconds
  Import took 0.017392 seconds .

========================================================================
Received Prepare
Refreshing native plugins compatible for Editor in 0.95 ms, found 0 plugins.
Preloading 0 native plugins for Editor in 0.00 ms.
Unloading 3 Unused Serialized files (Serialized files now loaded: 0)
System memory in use before: 72.9 MB.
System memory in use after: 73.0 MB.

Unloading 3 unused Assets to reduce memory usage. Loaded Objects now: 2614.
Total: 4.200300 ms (FindLiveObjects: 0.261600 ms CreateObjectMapping: 0.076400 ms MarkObjects: 3.505500 ms  DeleteObjects: 0.355300 ms)

========================================================================
Received Prepare
Registering precompiled user dll's ...
Registered in 0.001355 seconds.
Begin MonoManager ReloadAssembly
Native extension for WindowsStandalone target not found
Native extension for WebGL target not found
Refreshing native plugins compatible for Editor in 0.66 ms, found 0 plugins.
Preloading 0 native plugins for Editor in 0.00 ms.
Warning: Annotation not found!
UnityEngine.StackTraceUtility:ExtractStackTrace ()
UnityEditor.ProBuilder.EditorUtility:SetGizmoIconEnabled (System.Type,bool) (at Library/PackageCache/com.unity.probuilder@4.4.0/Editor/EditorCore/EditorUtility.cs:593)
UnityEditor.ProBuilder.HierarchyListener:.cctor () (at Library/PackageCache/com.unity.probuilder@4.4.0/Editor/EditorCore/HierarchyListener.cs:21)
System.Runtime.CompilerServices.RuntimeHelpers:RunClassConstructor (System.RuntimeTypeHandle)
UnityEditor.EditorAssemblies:ProcessInitializeOnLoadAttributes (System.Type[])

[Library/PackageCache/com.unity.probuilder@4.4.0/Editor/EditorCore/EditorUtility.cs line 593]

Invoked RoslynAnalysisRunner static constructor.
RoslynAnalysisRunner will not be running.
RoslynAnalysisRunner has terminated.
Mono: successfully reloaded assembly
- Completed reload, in  1.127 seconds
Platform modules already initialized, skipping
Refreshing native plugins compatible for Editor in 1.16 ms, found 0 plugins.
Preloading 0 native plugins for Editor in 0.00 ms.
Unloading 2063 Unused Serialized files (Serialized files now loaded: 0)
System memory in use before: 113.7 MB.
System memory in use after: 113.8 MB.

Unloading 6 unused Assets to reduce memory usage. Loaded Objects now: 2616.
Total: 4.305900 ms (FindLiveObjects: 0.682500 ms CreateObjectMapping: 0.340700 ms MarkObjects: 2.825800 ms  DeleteObjects: 0.454800 ms)

AssetImportWorkerClient::OnTransportError - code=2 error=End of file
